[ 2014-08-25T21:01:30+08:00 ] 127.0.0.1 http://dev.mall.com/Mall/Product
INFO: [ app_init ] --START--
INFO: Run Behavior\BuildLiteBehavior [ RunTime:0.000028s ]
INFO: [ app_init ] --END-- [ RunTime:0.000474s ]
INFO: [ app_begin ] --START--
INFO: Run Behavior\ReadHtmlCacheBehavior [ RunTime:0.000644s ]
INFO: [ app_begin ] --END-- [ RunTime:0.000776s ]
NOTIC: [2048] Non-static method Lib\XFMemcache::getMemValue() should not be called statically, assuming $this from incompatible context C:\Users\John\Downloads\thinkphp_3.2.2_full\Application\Mall\Controller\AuthController.class.php 第 88 行.
NOTIC: [2048] Non-static method Lib\XFMemcache::connect() should not be called statically, assuming $this from incompatible context C:\Users\John\Downloads\thinkphp_3.2.2_full\Application\Common\Lib\XFMemcache.class.php 第 46 行.
NOTIC: [2048] Non-static method Lib\XFMemcache::getMemValue() should not be called statically, assuming $this from incompatible context C:\Users\John\Downloads\thinkphp_3.2.2_full\Application\Mall\Controller\AuthController.class.php 第 92 行.
NOTIC: [2048] Non-static method Lib\XFMemcache::getMemValue() should not be called statically, assuming $this from incompatible context C:\Users\John\Downloads\thinkphp_3.2.2_full\Application\Mall\Controller\AuthController.class.php 第 97 行.
NOTIC: [2048] Non-static method Lib\XFMemcache::getMemValue() should not be called statically, assuming $this from incompatible context C:\Users\John\Downloads\thinkphp_3.2.2_full\Application\Mall\Controller\AuthController.class.php 第 102 行.
NOTIC: [2048] Non-static method Lib\XFMemcache::getMemValue() should not be called statically, assuming $this from incompatible context C:\Users\John\Downloads\thinkphp_3.2.2_full\Application\Mall\Controller\AuthController.class.php 第 114 行.
NOTIC: [2048] Non-static method Lib\XFMemcache::getMemValue() should not be called statically, assuming $this from incompatible context C:\Users\John\Downloads\thinkphp_3.2.2_full\Application\Mall\Controller\AuthController.class.php 第 115 行.
NOTIC: [2048] Non-static method Lib\XFMemcache::getMemValue() should not be called statically, assuming $this from incompatible context C:\Users\John\Downloads\thinkphp_3.2.2_full\Application\Mall\Controller\AuthController.class.php 第 116 行.
NOTIC: [2048] Non-static method Lib\XFMemcache::getMemValue() should not be called statically, assuming $this from incompatible context C:\Users\John\Downloads\thinkphp_3.2.2_full\Application\Mall\Controller\AuthController.class.php 第 123 行.
NOTIC: [2048] Non-static method Lib\XFMemcache::getMemValue() should not be called statically, assuming $this from incompatible context C:\Users\John\Downloads\thinkphp_3.2.2_full\Application\Mall\Controller\AuthController.class.php 第 124 行.
ERR: hello

[ 2014-08-25T21:01:30+08:00 ] 127.0.0.1 http://dev.mall.com/Mall/Product
NOTIC: [8] Undefined property: Mall\Model\GoodsModel::$data C:\Users\John\Downloads\thinkphp_3.2.2_full\Application\Mall\Model\GoodsModel.class.php 第 47 行.
ERR: hello

[ 2014-08-25T21:01:30+08:00 ] 127.0.0.1 http://dev.mall.com/Mall/Product
NOTIC: [2048] Creating default object from empty value C:\Users\John\Downloads\thinkphp_3.2.2_full\Application\Mall\Model\GoodsModel.class.php 第 66 行.
NOTIC: [8] Undefined property: stdClass::$MenuName C:\Users\John\Downloads\thinkphp_3.2.2_full\Application\Mall\Model\GoodsModel.class.php 第 83 行.
NOTIC: [8] Undefined property: stdClass::$MenuName C:\Users\John\Downloads\thinkphp_3.2.2_full\Application\Mall\Model\GoodsModel.class.php 第 83 行.
NOTIC: [8] Undefined property: stdClass::$MenuName C:\Users\John\Downloads\thinkphp_3.2.2_full\Application\Mall\Model\GoodsModel.class.php 第 83 行.
NOTIC: [8] Undefined property: stdClass::$MenuName C:\Users\John\Downloads\thinkphp_3.2.2_full\Application\Mall\Model\GoodsModel.class.php 第 83 行.
NOTIC: [8] Undefined property: stdClass::$MenuName C:\Users\John\Downloads\thinkphp_3.2.2_full\Application\Mall\Model\GoodsModel.class.php 第 83 行.
NOTIC: [8] Undefined property: stdClass::$MenuName C:\Users\John\Downloads\thinkphp_3.2.2_full\Application\Mall\Model\GoodsModel.class.php 第 83 行.
NOTIC: [2048] Creating default object from empty value C:\Users\John\Downloads\thinkphp_3.2.2_full\Application\Mall\Model\GoodsModel.class.php 第 66 行.
NOTIC: [8] Undefined property: stdClass::$MenuName C:\Users\John\Downloads\thinkphp_3.2.2_full\Application\Mall\Model\GoodsModel.class.php 第 83 行.
NOTIC: [8] Undefined property: stdClass::$MenuName C:\Users\John\Downloads\thinkphp_3.2.2_full\Application\Mall\Model\GoodsModel.class.php 第 83 行.
NOTIC: [8] Undefined property: stdClass::$MenuName C:\Users\John\Downloads\thinkphp_3.2.2_full\Application\Mall\Model\GoodsModel.class.php 第 83 行.
NOTIC: [8] Undefined property: stdClass::$MenuName C:\Users\John\Downloads\thinkphp_3.2.2_full\Application\Mall\Model\GoodsModel.class.php 第 83 行.
NOTIC: [8] Undefined property: stdClass::$MenuName C:\Users\John\Downloads\thinkphp_3.2.2_full\Application\Mall\Model\GoodsModel.class.php 第 83 行.
NOTIC: [8] Undefined property: stdClass::$MenuName C:\Users\John\Downloads\thinkphp_3.2.2_full\Application\Mall\Model\GoodsModel.class.php 第 83 行.
INFO: [ view_parse ] --START--
NOTIC: [8] Undefined index: domain C:\Users\John\Downloads\thinkphp_3.2.2_full\Application\Common\Lib\Smarty\plugins\FISResource.class.php 第 330 行.
NOTIC: [8] Undefined variable: domains C:\Users\John\Downloads\thinkphp_3.2.2_full\Application\Common\Lib\Smarty\plugins\FISResource.class.php 第 340 行.
NOTIC: [8] Undefined index: description C:\Users\John\Downloads\thinkphp_3.2.2_full\Application\Runtime\Cache\0b0f0afaa227b99767d12a6573d5a1f9f438a1fb.file.index.tpl.php 第 44 行.
NOTIC: [8] Trying to get property of non-object C:\Users\John\Downloads\thinkphp_3.2.2_full\Application\Runtime\Cache\0b0f0afaa227b99767d12a6573d5a1f9f438a1fb.file.index.tpl.php 第 44 行.
NOTIC: [8] Undefined index: title C:\Users\John\Downloads\thinkphp_3.2.2_full\Application\Runtime\Cache\0b0f0afaa227b99767d12a6573d5a1f9f438a1fb.file.index.tpl.php 第 46 行.
NOTIC: [8] Trying to get property of non-object C:\Users\John\Downloads\thinkphp_3.2.2_full\Application\Runtime\Cache\0b0f0afaa227b99767d12a6573d5a1f9f438a1fb.file.index.tpl.php 第 46 行.
NOTIC: [8] Undefined index: domain C:\Users\John\Downloads\thinkphp_3.2.2_full\Application\Common\Lib\Smarty\plugins\FISResource.class.php 第 330 行.
NOTIC: [8] Undefined variable: domains C:\Users\John\Downloads\thinkphp_3.2.2_full\Application\Common\Lib\Smarty\plugins\FISResource.class.php 第 340 行.
NOTIC: [8] Undefined index: host C:\Users\John\Downloads\thinkphp_3.2.2_full\Application\Runtime\Cache\15035122434987bf3a82f4a427ae6cfbe36099c3.file.header.tpl.php 第 88 行.
NOTIC: [8] Trying to get property of non-object C:\Users\John\Downloads\thinkphp_3.2.2_full\Application\Runtime\Cache\15035122434987bf3a82f4a427ae6cfbe36099c3.file.header.tpl.php 第 88 行.
NOTIC: [8] Undefined index: key C:\Users\John\Downloads\thinkphp_3.2.2_full\Application\Runtime\Cache\15035122434987bf3a82f4a427ae6cfbe36099c3.file.header.tpl.php 第 89 行.
NOTIC: [8] Trying to get property of non-object C:\Users\John\Downloads\thinkphp_3.2.2_full\Application\Runtime\Cache\15035122434987bf3a82f4a427ae6cfbe36099c3.file.header.tpl.php 第 89 行.
NOTIC: [8] Undefined index: host C:\Users\John\Downloads\thinkphp_3.2.2_full\Application\Runtime\Cache\15035122434987bf3a82f4a427ae6cfbe36099c3.file.header.tpl.php 第 121 行.
NOTIC: [8] Trying to get property of non-object C:\Users\John\Downloads\thinkphp_3.2.2_full\Application\Runtime\Cache\15035122434987bf3a82f4a427ae6cfbe36099c3.file.header.tpl.php 第 121 行.
NOTIC: [8] Undefined index: enterpriseId C:\Users\John\Downloads\thinkphp_3.2.2_full\Application\Runtime\Cache\15035122434987bf3a82f4a427ae6cfbe36099c3.file.header.tpl.php 第 122 行.
NOTIC: [8] Trying to get property of non-object C:\Users\John\Downloads\thinkphp_3.2.2_full\Application\Runtime\Cache\15035122434987bf3a82f4a427ae6cfbe36099c3.file.header.tpl.php 第 122 行.
NOTIC: [8] Undefined index: key C:\Users\John\Downloads\thinkphp_3.2.2_full\Application\Runtime\Cache\15035122434987bf3a82f4a427ae6cfbe36099c3.file.header.tpl.php 第 160 行.
NOTIC: [8] Trying to get property of non-object C:\Users\John\Downloads\thinkphp_3.2.2_full\Application\Runtime\Cache\15035122434987bf3a82f4a427ae6cfbe36099c3.file.header.tpl.php 第 160 行.
NOTIC: [8] Undefined index: giftCardsId C:\Users\John\Downloads\thinkphp_3.2.2_full\Application\Runtime\Cache\15035122434987bf3a82f4a427ae6cfbe36099c3.file.header.tpl.php 第 166 行.
NOTIC: [8] Trying to get property of non-object C:\Users\John\Downloads\thinkphp_3.2.2_full\Application\Runtime\Cache\15035122434987bf3a82f4a427ae6cfbe36099c3.file.header.tpl.php 第 166 行.
NOTIC: [8] Undefined index: key C:\Users\John\Downloads\thinkphp_3.2.2_full\Application\Runtime\Cache\15035122434987bf3a82f4a427ae6cfbe36099c3.file.header.tpl.php 第 167 行.
NOTIC: [8] Trying to get property of non-object C:\Users\John\Downloads\thinkphp_3.2.2_full\Application\Runtime\Cache\15035122434987bf3a82f4a427ae6cfbe36099c3.file.header.tpl.php 第 167 行.
NOTIC: [8] Undefined index: pic_server C:\Users\John\Downloads\thinkphp_3.2.2_full\Application\Runtime\Cache\15035122434987bf3a82f4a427ae6cfbe36099c3.file.header.tpl.php 第 199 行.
NOTIC: [8] Trying to get property of non-object C:\Users\John\Downloads\thinkphp_3.2.2_full\Application\Runtime\Cache\15035122434987bf3a82f4a427ae6cfbe36099c3.file.header.tpl.php 第 199 行.
NOTIC: [8] Undefined index: enterpriseInfo C:\Users\John\Downloads\thinkphp_3.2.2_full\Application\Runtime\Cache\15035122434987bf3a82f4a427ae6cfbe36099c3.file.header.tpl.php 第 200 行.
NOTIC: [8] Trying to get property of non-object C:\Users\John\Downloads\thinkphp_3.2.2_full\Application\Runtime\Cache\15035122434987bf3a82f4a427ae6cfbe36099c3.file.header.tpl.php 第 200 行.
NOTIC: [8] Trying to get property of non-object C:\Users\John\Downloads\thinkphp_3.2.2_full\Application\Runtime\Cache\15035122434987bf3a82f4a427ae6cfbe36099c3.file.header.tpl.php 第 200 行.
NOTIC: [8] Undefined index: host C:\Users\John\Downloads\thinkphp_3.2.2_full\Application\Runtime\Cache\15035122434987bf3a82f4a427ae6cfbe36099c3.file.header.tpl.php 第 225 行.
NOTIC: [8] Trying to get property of non-object C:\Users\John\Downloads\thinkphp_3.2.2_full\Application\Runtime\Cache\15035122434987bf3a82f4a427ae6cfbe36099c3.file.header.tpl.php 第 225 行.
NOTIC: [8] Undefined index: paycarCount C:\Users\John\Downloads\thinkphp_3.2.2_full\Application\Runtime\Cache\15035122434987bf3a82f4a427ae6cfbe36099c3.file.header.tpl.php 第 226 行.
NOTIC: [8] Trying to get property of non-object C:\Users\John\Downloads\thinkphp_3.2.2_full\Application\Runtime\Cache\15035122434987bf3a82f4a427ae6cfbe36099c3.file.header.tpl.php 第 226 行.
NOTIC: [8] Undefined index: host C:\Users\John\Downloads\thinkphp_3.2.2_full\Application\Runtime\Cache\15035122434987bf3a82f4a427ae6cfbe36099c3.file.header.tpl.php 第 228 行.
NOTIC: [8] Trying to get property of non-object C:\Users\John\Downloads\thinkphp_3.2.2_full\Application\Runtime\Cache\15035122434987bf3a82f4a427ae6cfbe36099c3.file.header.tpl.php 第 228 行.
NOTIC: [8] Undefined index: enterpriseId C:\Users\John\Downloads\thinkphp_3.2.2_full\Application\Runtime\Cache\0b0f0afaa227b99767d12a6573d5a1f9f438a1fb.file.index.tpl.php 第 155 行.
NOTIC: [8] Trying to get property of non-object C:\Users\John\Downloads\thinkphp_3.2.2_full\Application\Runtime\Cache\0b0f0afaa227b99767d12a6573d5a1f9f438a1fb.file.index.tpl.php 第 155 行.
NOTIC: [8] Undefined index: noRecharge C:\Users\John\Downloads\thinkphp_3.2.2_full\Application\Runtime\Cache\0b0f0afaa227b99767d12a6573d5a1f9f438a1fb.file.index.tpl.php 第 155 行.
NOTIC: [8] Trying to get property of non-object C:\Users\John\Downloads\thinkphp_3.2.2_full\Application\Runtime\Cache\0b0f0afaa227b99767d12a6573d5a1f9f438a1fb.file.index.tpl.php 第 155 行.
NOTIC: [2] in_array() expects parameter 2 to be array, null given C:\Users\John\Downloads\thinkphp_3.2.2_full\Application\Runtime\Cache\0b0f0afaa227b99767d12a6573d5a1f9f438a1fb.file.index.tpl.php 第 155 行.
NOTIC: [8] Undefined index: renkeShow C:\Users\John\Downloads\thinkphp_3.2.2_full\Application\Runtime\Cache\0b0f0afaa227b99767d12a6573d5a1f9f438a1fb.file.index.tpl.php 第 281 行.
NOTIC: [8] Trying to get property of non-object C:\Users\John\Downloads\thinkphp_3.2.2_full\Application\Runtime\Cache\0b0f0afaa227b99767d12a6573d5a1f9f438a1fb.file.index.tpl.php 第 281 行.
NOTIC: [8] Undefined index: tagId C:\Users\John\Downloads\thinkphp_3.2.2_full\Application\Runtime\Cache\bc3ca0c3be70c89c5e2bda9cedc3fefec66295c4.file.footer.tpl.php 第 79 行.
NOTIC: [8] Trying to get property of non-object C:\Users\John\Downloads\thinkphp_3.2.2_full\Application\Runtime\Cache\bc3ca0c3be70c89c5e2bda9cedc3fefec66295c4.file.footer.tpl.php 第 79 行.
INFO: Run Behavior\ParseTemplateBehavior [ RunTime:0.023887s ]
INFO: [ view_parse ] --END-- [ RunTime:0.024040s ]
INFO: [ view_filter ] --START--
INFO: Run Behavior\WriteHtmlCacheBehavior [ RunTime:0.000393s ]
INFO: [ view_filter ] --END-- [ RunTime:0.000506s ]
INFO: [ app_end ] --START--
INFO: Run Behavior\ShowPageTraceBehavior [ RunTime:0.000677s ]
INFO: [ app_end ] --END-- [ RunTime:0.000798s ]

[ 2014-08-25T21:01:31+08:00 ] 127.0.0.1 http://dev.mall.com/Mall/Product/Flex/id/1?r=0.2872407629620284
INFO: [ app_init ] --START--
INFO: Run Behavior\BuildLiteBehavior [ RunTime:0.000027s ]
INFO: [ app_init ] --END-- [ RunTime:0.000543s ]
INFO: [ app_begin ] --START--
INFO: Run Behavior\ReadHtmlCacheBehavior [ RunTime:0.000647s ]
INFO: [ app_begin ] --END-- [ RunTime:0.000769s ]
NOTIC: [2048] Non-static method Lib\XFMemcache::getMemValue() should not be called statically, assuming $this from incompatible context C:\Users\John\Downloads\thinkphp_3.2.2_full\Application\Mall\Controller\AuthController.class.php 第 88 行.
NOTIC: [2048] Non-static method Lib\XFMemcache::connect() should not be called statically, assuming $this from incompatible context C:\Users\John\Downloads\thinkphp_3.2.2_full\Application\Common\Lib\XFMemcache.class.php 第 46 行.
NOTIC: [2048] Non-static method Lib\XFMemcache::getMemValue() should not be called statically, assuming $this from incompatible context C:\Users\John\Downloads\thinkphp_3.2.2_full\Application\Mall\Controller\AuthController.class.php 第 92 行.
NOTIC: [2048] Non-static method Lib\XFMemcache::getMemValue() should not be called statically, assuming $this from incompatible context C:\Users\John\Downloads\thinkphp_3.2.2_full\Application\Mall\Controller\AuthController.class.php 第 97 行.
NOTIC: [2048] Non-static method Lib\XFMemcache::getMemValue() should not be called statically, assuming $this from incompatible context C:\Users\John\Downloads\thinkphp_3.2.2_full\Application\Mall\Controller\AuthController.class.php 第 102 行.
NOTIC: [2048] Non-static method Lib\XFMemcache::getMemValue() should not be called statically, assuming $this from incompatible context C:\Users\John\Downloads\thinkphp_3.2.2_full\Application\Mall\Controller\AuthController.class.php 第 114 行.
NOTIC: [2048] Non-static method Lib\XFMemcache::getMemValue() should not be called statically, assuming $this from incompatible context C:\Users\John\Downloads\thinkphp_3.2.2_full\Application\Mall\Controller\AuthController.class.php 第 115 行.
NOTIC: [2048] Non-static method Lib\XFMemcache::getMemValue() should not be called statically, assuming $this from incompatible context C:\Users\John\Downloads\thinkphp_3.2.2_full\Application\Mall\Controller\AuthController.class.php 第 116 行.
NOTIC: [2048] Non-static method Lib\XFMemcache::getMemValue() should not be called statically, assuming $this from incompatible context C:\Users\John\Downloads\thinkphp_3.2.2_full\Application\Mall\Controller\AuthController.class.php 第 123 行.
NOTIC: [2048] Non-static method Lib\XFMemcache::getMemValue() should not be called statically, assuming $this from incompatible context C:\Users\John\Downloads\thinkphp_3.2.2_full\Application\Mall\Controller\AuthController.class.php 第 124 行.
ERR: hello

[ 2014-08-25T21:01:31+08:00 ] 127.0.0.1 http://dev.mall.com/Mall/Product/Flex/id/1?r=0.2872407629620284
ERR: hello

[ 2014-08-25T21:01:31+08:00 ] 127.0.0.1 http://dev.mall.com/Mall/Product/Flex/id/1?r=0.2872407629620284
ERR: hello

[ 2014-08-25T21:01:31+08:00 ] 127.0.0.1 http://dev.mall.com/Mall/Product/Flex/id/1?r=0.2872407629620284
INFO: [ view_parse ] --START--
NOTIC: [8] Undefined index: domain C:\Users\John\Downloads\thinkphp_3.2.2_full\Application\Common\Lib\Smarty\plugins\FISResource.class.php 第 330 行.
NOTIC: [8] Undefined variable: domains C:\Users\John\Downloads\thinkphp_3.2.2_full\Application\Common\Lib\Smarty\plugins\FISResource.class.php 第 340 行.
NOTIC: [8] Undefined index: tagName C:\Users\John\Downloads\thinkphp_3.2.2_full\Application\Runtime\Cache\83b1ec4e4cf1a88c77bebc25f57449c393a73f6e.file.plist.tpl.php 第 78 行.
NOTIC: [8] Trying to get property of non-object C:\Users\John\Downloads\thinkphp_3.2.2_full\Application\Runtime\Cache\83b1ec4e4cf1a88c77bebc25f57449c393a73f6e.file.plist.tpl.php 第 78 行.
INFO: Run Behavior\ParseTemplateBehavior [ RunTime:0.018304s ]
INFO: [ view_parse ] --END-- [ RunTime:0.018429s ]
INFO: [ view_filter ] --START--
INFO: Run Behavior\WriteHtmlCacheBehavior [ RunTime:0.000385s ]
INFO: [ view_filter ] --END-- [ RunTime:0.000483s ]
INFO: [ app_end ] --START--
INFO: Run Behavior\ShowPageTraceBehavior [ RunTime:0.000638s ]
INFO: [ app_end ] --END-- [ RunTime:0.000737s ]

[ 2014-08-25T21:01:31+08:00 ] 127.0.0.1 http://dev.mall.com/Mall/Product/Flex/id/2?r=0.7778419300448149
INFO: [ app_init ] --START--
INFO: Run Behavior\BuildLiteBehavior [ RunTime:0.000028s ]
INFO: [ app_init ] --END-- [ RunTime:0.000546s ]
INFO: [ app_begin ] --START--
INFO: Run Behavior\ReadHtmlCacheBehavior [ RunTime:0.000938s ]
INFO: [ app_begin ] --END-- [ RunTime:0.001059s ]
NOTIC: [2048] Non-static method Lib\XFMemcache::getMemValue() should not be called statically, assuming $this from incompatible context C:\Users\John\Downloads\thinkphp_3.2.2_full\Application\Mall\Controller\AuthController.class.php 第 88 行.
NOTIC: [2048] Non-static method Lib\XFMemcache::connect() should not be called statically, assuming $this from incompatible context C:\Users\John\Downloads\thinkphp_3.2.2_full\Application\Common\Lib\XFMemcache.class.php 第 46 行.
NOTIC: [2048] Non-static method Lib\XFMemcache::getMemValue() should not be called statically, assuming $this from incompatible context C:\Users\John\Downloads\thinkphp_3.2.2_full\Application\Mall\Controller\AuthController.class.php 第 92 行.
NOTIC: [2048] Non-static method Lib\XFMemcache::getMemValue() should not be called statically, assuming $this from incompatible context C:\Users\John\Downloads\thinkphp_3.2.2_full\Application\Mall\Controller\AuthController.class.php 第 97 行.
NOTIC: [2048] Non-static method Lib\XFMemcache::getMemValue() should not be called statically, assuming $this from incompatible context C:\Users\John\Downloads\thinkphp_3.2.2_full\Application\Mall\Controller\AuthController.class.php 第 102 行.
NOTIC: [2048] Non-static method Lib\XFMemcache::getMemValue() should not be called statically, assuming $this from incompatible context C:\Users\John\Downloads\thinkphp_3.2.2_full\Application\Mall\Controller\AuthController.class.php 第 114 行.
NOTIC: [2048] Non-static method Lib\XFMemcache::getMemValue() should not be called statically, assuming $this from incompatible context C:\Users\John\Downloads\thinkphp_3.2.2_full\Application\Mall\Controller\AuthController.class.php 第 115 行.
NOTIC: [2048] Non-static method Lib\XFMemcache::getMemValue() should not be called statically, assuming $this from incompatible context C:\Users\John\Downloads\thinkphp_3.2.2_full\Application\Mall\Controller\AuthController.class.php 第 116 行.
NOTIC: [2048] Non-static method Lib\XFMemcache::getMemValue() should not be called statically, assuming $this from incompatible context C:\Users\John\Downloads\thinkphp_3.2.2_full\Application\Mall\Controller\AuthController.class.php 第 123 行.
NOTIC: [2048] Non-static method Lib\XFMemcache::getMemValue() should not be called statically, assuming $this from incompatible context C:\Users\John\Downloads\thinkphp_3.2.2_full\Application\Mall\Controller\AuthController.class.php 第 124 行.
ERR: hello

[ 2014-08-25T21:01:31+08:00 ] 127.0.0.1 http://dev.mall.com/Mall/Product/Flex/id/2?r=0.7778419300448149
ERR: hello

[ 2014-08-25T21:01:31+08:00 ] 127.0.0.1 http://dev.mall.com/Mall/Product/Flex/id/2?r=0.7778419300448149
ERR: hello

[ 2014-08-25T21:01:31+08:00 ] 127.0.0.1 http://dev.mall.com/Mall/Product/Flex/id/2?r=0.7778419300448149
INFO: [ view_parse ] --START--
NOTIC: [8] Undefined index: domain C:\Users\John\Downloads\thinkphp_3.2.2_full\Application\Common\Lib\Smarty\plugins\FISResource.class.php 第 330 行.
NOTIC: [8] Undefined variable: domains C:\Users\John\Downloads\thinkphp_3.2.2_full\Application\Common\Lib\Smarty\plugins\FISResource.class.php 第 340 行.
NOTIC: [8] Undefined index: tagName C:\Users\John\Downloads\thinkphp_3.2.2_full\Application\Runtime\Cache\83b1ec4e4cf1a88c77bebc25f57449c393a73f6e.file.plist.tpl.php 第 78 行.
NOTIC: [8] Trying to get property of non-object C:\Users\John\Downloads\thinkphp_3.2.2_full\Application\Runtime\Cache\83b1ec4e4cf1a88c77bebc25f57449c393a73f6e.file.plist.tpl.php 第 78 行.
INFO: Run Behavior\ParseTemplateBehavior [ RunTime:0.016896s ]
INFO: [ view_parse ] --END-- [ RunTime:0.017020s ]
INFO: [ view_filter ] --START--
INFO: Run Behavior\WriteHtmlCacheBehavior [ RunTime:0.000450s ]
INFO: [ view_filter ] --END-- [ RunTime:0.000548s ]
INFO: [ app_end ] --START--
INFO: Run Behavior\ShowPageTraceBehavior [ RunTime:0.000722s ]
INFO: [ app_end ] --END-- [ RunTime:0.000833s ]

[ 2014-08-25T21:01:31+08:00 ] 127.0.0.1 http://dev.mall.com/Mall/Product/Flex/id/0?r=0.8383809486404061
INFO: [ app_init ] --START--
INFO: Run Behavior\BuildLiteBehavior [ RunTime:0.000026s ]
INFO: [ app_init ] --END-- [ RunTime:0.000557s ]
INFO: [ app_begin ] --START--
INFO: Run Behavior\ReadHtmlCacheBehavior [ RunTime:0.001057s ]
INFO: [ app_begin ] --END-- [ RunTime:0.001189s ]
NOTIC: [2048] Non-static method Lib\XFMemcache::getMemValue() should not be called statically, assuming $this from incompatible context C:\Users\John\Downloads\thinkphp_3.2.2_full\Application\Mall\Controller\AuthController.class.php 第 88 行.
NOTIC: [2048] Non-static method Lib\XFMemcache::connect() should not be called statically, assuming $this from incompatible context C:\Users\John\Downloads\thinkphp_3.2.2_full\Application\Common\Lib\XFMemcache.class.php 第 46 行.
NOTIC: [2048] Non-static method Lib\XFMemcache::getMemValue() should not be called statically, assuming $this from incompatible context C:\Users\John\Downloads\thinkphp_3.2.2_full\Application\Mall\Controller\AuthController.class.php 第 92 行.
NOTIC: [2048] Non-static method Lib\XFMemcache::getMemValue() should not be called statically, assuming $this from incompatible context C:\Users\John\Downloads\thinkphp_3.2.2_full\Application\Mall\Controller\AuthController.class.php 第 97 行.
NOTIC: [2048] Non-static method Lib\XFMemcache::getMemValue() should not be called statically, assuming $this from incompatible context C:\Users\John\Downloads\thinkphp_3.2.2_full\Application\Mall\Controller\AuthController.class.php 第 102 行.
NOTIC: [2048] Non-static method Lib\XFMemcache::getMemValue() should not be called statically, assuming $this from incompatible context C:\Users\John\Downloads\thinkphp_3.2.2_full\Application\Mall\Controller\AuthController.class.php 第 114 行.
NOTIC: [2048] Non-static method Lib\XFMemcache::getMemValue() should not be called statically, assuming $this from incompatible context C:\Users\John\Downloads\thinkphp_3.2.2_full\Application\Mall\Controller\AuthController.class.php 第 115 行.
NOTIC: [2048] Non-static method Lib\XFMemcache::getMemValue() should not be called statically, assuming $this from incompatible context C:\Users\John\Downloads\thinkphp_3.2.2_full\Application\Mall\Controller\AuthController.class.php 第 116 行.
NOTIC: [2048] Non-static method Lib\XFMemcache::getMemValue() should not be called statically, assuming $this from incompatible context C:\Users\John\Downloads\thinkphp_3.2.2_full\Application\Mall\Controller\AuthController.class.php 第 123 行.
NOTIC: [2048] Non-static method Lib\XFMemcache::getMemValue() should not be called statically, assuming $this from incompatible context C:\Users\John\Downloads\thinkphp_3.2.2_full\Application\Mall\Controller\AuthController.class.php 第 124 行.
ERR: hello

[ 2014-08-25T21:01:31+08:00 ] 127.0.0.1 http://dev.mall.com/Mall/Product/Flex/id/0?r=0.8383809486404061
ERR: hello

[ 2014-08-25T21:01:31+08:00 ] 127.0.0.1 http://dev.mall.com/Mall/Product/Flex/id/0?r=0.8383809486404061
ERR: hello

[ 2014-08-25T21:01:31+08:00 ] 127.0.0.1 http://dev.mall.com/Mall/Product/Flex/id/0?r=0.8383809486404061
INFO: [ view_parse ] --START--
NOTIC: [8] Undefined index: domain C:\Users\John\Downloads\thinkphp_3.2.2_full\Application\Common\Lib\Smarty\plugins\FISResource.class.php 第 330 行.
NOTIC: [8] Undefined variable: domains C:\Users\John\Downloads\thinkphp_3.2.2_full\Application\Common\Lib\Smarty\plugins\FISResource.class.php 第 340 行.
NOTIC: [8] Undefined index: tagName C:\Users\John\Downloads\thinkphp_3.2.2_full\Application\Runtime\Cache\83b1ec4e4cf1a88c77bebc25f57449c393a73f6e.file.plist.tpl.php 第 78 行.
NOTIC: [8] Trying to get property of non-object C:\Users\John\Downloads\thinkphp_3.2.2_full\Application\Runtime\Cache\83b1ec4e4cf1a88c77bebc25f57449c393a73f6e.file.plist.tpl.php 第 78 行.
INFO: Run Behavior\ParseTemplateBehavior [ RunTime:0.016821s ]
INFO: [ view_parse ] --END-- [ RunTime:0.016965s ]
INFO: [ view_filter ] --START--
INFO: Run Behavior\WriteHtmlCacheBehavior [ RunTime:0.000394s ]
INFO: [ view_filter ] --END-- [ RunTime:0.000496s ]
INFO: [ app_end ] --START--
INFO: Run Behavior\ShowPageTraceBehavior [ RunTime:0.000655s ]
INFO: [ app_end ] --END-- [ RunTime:0.000762s ]

